[debug] [2023-08-27T19:49:43.015Z] ----------------------------------------------------------------------
[debug] [2023-08-27T19:49:43.016Z] Command:       C:\Program Files\nodejs\node.exe C:\Program Files\nodejs\node_modules\firebase-tools\lib\bin\firebase.js deploy
[debug] [2023-08-27T19:49:43.017Z] CLI Version:   10.0.1
[debug] [2023-08-27T19:49:43.017Z] Platform:      win32
[debug] [2023-08-27T19:49:43.017Z] Node Version:  v15.6.0
[debug] [2023-08-27T19:49:43.018Z] Time:          Sun Aug 27 2023 21:49:43 GMT+0200 (Central European Summer Time)
[debug] [2023-08-27T19:49:43.018Z] ----------------------------------------------------------------------
[debug] 
[debug] [2023-08-27T19:49:43.057Z] > command requires scopes: ["email","openid","https://www.googleapis.com/auth/cloudplatformprojects.readonly","https://www.googleapis.com/auth/firebase","https://www.googleapis.com/auth/cloud-platform"]
[debug] [2023-08-27T19:49:43.057Z] > authorizing via signed-in user (timo@dumpark.com)
[debug] [2023-08-27T19:49:43.058Z] [iam] checking project covdp-interactives for permissions ["firebase.projects.get","firebasehosting.sites.update"]
[debug] [2023-08-27T19:49:43.059Z] > refreshing access token with scopes: ["email","https://www.googleapis.com/auth/cloud-platform","https://www.googleapis.com/auth/cloudplatformprojects.readonly","https://www.googleapis.com/auth/firebase","openid"]
[debug] [2023-08-27T19:49:43.059Z] >>> HTTP REQUEST POST https://www.googleapis.com/oauth2/v3/token  
 <request body omitted>
[debug] [2023-08-27T19:49:43.237Z] <<< HTTP RESPONSE 200 {"date":"Sun, 27 Aug 2023 19:49:42 GMT","expires":"Mon, 01 Jan 1990 00:00:00 GMT","cache-control":"no-cache, no-store, max-age=0, must-revalidate","pragma":"no-cache","content-type":"application/json; charset=utf-8","vary":"X-Origin, Referer, Origin,Accept-Encoding","server":"scaffolding on HTTPServer2","x-xss-protection":"0","x-frame-options":"SAMEORIGIN","x-content-type-options":"nosniff","alt-svc":"h3=\":443\"; ma=2592000,h3-29=\":443\"; ma=2592000","accept-ranges":"none","transfer-encoding":"chunked"}
[debug] [2023-08-27T19:49:43.259Z] >>> HTTP REQUEST POST https://cloudresourcemanager.googleapis.com/v1/projects/covdp-interactives:testIamPermissions  
 {"permissions":["firebase.projects.get","firebasehosting.sites.update"]}
[debug] [2023-08-27T19:49:43.968Z] <<< HTTP RESPONSE 200 {"content-type":"application/json; charset=UTF-8","vary":"X-Origin, Referer, Origin,Accept-Encoding","date":"Sun, 27 Aug 2023 19:49:42 GMT","server":"ESF","cache-control":"private","x-xss-protection":"0","x-frame-options":"SAMEORIGIN","x-content-type-options":"nosniff","server-timing":"gfet4t7; dur=612","alt-svc":"h3=\":443\"; ma=2592000,h3-29=\":443\"; ma=2592000","accept-ranges":"none","transfer-encoding":"chunked"}
[debug] [2023-08-27T19:49:43.969Z] > refreshing access token with scopes: []
[debug] [2023-08-27T19:49:43.969Z] >>> HTTP REQUEST POST https://www.googleapis.com/oauth2/v3/token  
 <request body omitted>
[debug] [2023-08-27T19:49:44.069Z] <<< HTTP RESPONSE 200 {"cache-control":"no-cache, no-store, max-age=0, must-revalidate","pragma":"no-cache","date":"Sun, 27 Aug 2023 19:49:42 GMT","expires":"Mon, 01 Jan 1990 00:00:00 GMT","content-type":"application/json; charset=utf-8","vary":"X-Origin, Referer, Origin,Accept-Encoding","server":"scaffolding on HTTPServer2","x-xss-protection":"0","x-frame-options":"SAMEORIGIN","x-content-type-options":"nosniff","alt-svc":"h3=\":443\"; ma=2592000,h3-29=\":443\"; ma=2592000","accept-ranges":"none","transfer-encoding":"chunked"}
[debug] [2023-08-27T19:49:44.087Z] >>> [apiv2][query] GET https://firebase.googleapis.com/v1beta1/projects/covdp-interactives [none]
[debug] [2023-08-27T19:49:44.369Z] <<< [apiv2][status] GET https://firebase.googleapis.com/v1beta1/projects/covdp-interactives 200
[debug] [2023-08-27T19:49:44.369Z] <<< [apiv2][body] GET https://firebase.googleapis.com/v1beta1/projects/covdp-interactives {"projectId":"covdp-interactives","projectNumber":"502356134947","displayName":"covdp-interactives","name":"projects/covdp-interactives","resources":{"hostingSite":"covdp-interactives"},"state":"ACTIVE","etag":"1_9063067a-7a42-4c05-a872-d016f9f23183"}
[info] 
[info] === Deploying to 'covdp-interactives'...
[info] 
[info] i  deploying hosting 
[debug] [2023-08-27T19:49:44.371Z] > refreshing access token with scopes: ["email","https://www.googleapis.com/auth/cloud-platform","https://www.googleapis.com/auth/cloudplatformprojects.readonly","https://www.googleapis.com/auth/firebase","openid"]
[debug] [2023-08-27T19:49:44.372Z] >>> HTTP REQUEST POST https://www.googleapis.com/oauth2/v3/token  
 <request body omitted>
[debug] [2023-08-27T19:49:44.474Z] <<< HTTP RESPONSE 200 {"pragma":"no-cache","cache-control":"no-cache, no-store, max-age=0, must-revalidate","expires":"Mon, 01 Jan 1990 00:00:00 GMT","date":"Sun, 27 Aug 2023 19:49:43 GMT","content-type":"application/json; charset=utf-8","vary":"X-Origin, Referer, Origin,Accept-Encoding","server":"scaffolding on HTTPServer2","x-xss-protection":"0","x-frame-options":"SAMEORIGIN","x-content-type-options":"nosniff","alt-svc":"h3=\":443\"; ma=2592000,h3-29=\":443\"; ma=2592000","accept-ranges":"none","transfer-encoding":"chunked"}
[debug] [2023-08-27T19:49:44.492Z] >>> HTTP REQUEST POST https://firebasehosting.googleapis.com/v1beta1/sites/covdp-interactives/versions  
 {"config":{"rewrites":[{"glob":"**","path":"/index.html"}],"headers":[{"glob":"/**","headers":{"Cache-Control":"no-store, must-revalidate","Expires":"0"}},{"glob":"**/*.@(jpg|jpeg|gif|png|svg|webp|js|css|eot|otf|ttf|ttc|woff|woff2|font.css)","headers":{"Cache-Control":"max-age=604800"}}]},"labels":{"deployment-tool":"cli-firebase"}}
[debug] [2023-08-27T19:49:45.596Z] <<< HTTP RESPONSE 200 {"content-type":"application/json; charset=UTF-8","vary":"X-Origin, Referer, Origin,Accept-Encoding","date":"Sun, 27 Aug 2023 19:49:44 GMT","server":"ESF","cache-control":"private","x-xss-protection":"0","x-frame-options":"SAMEORIGIN","x-content-type-options":"nosniff","alt-svc":"h3=\":443\"; ma=2592000,h3-29=\":443\"; ma=2592000","accept-ranges":"none","transfer-encoding":"chunked"}
[info] i  hosting[covdp-interactives]: beginning deploy... 
[info] i  hosting[covdp-interactives]: found 62 files in build 
[debug] [2023-08-27T19:49:45.683Z] > refreshing access token with scopes: []
[debug] [2023-08-27T19:49:45.683Z] >>> HTTP REQUEST POST https://www.googleapis.com/oauth2/v3/token  
 <request body omitted>
[debug] [2023-08-27T19:49:45.687Z] [hosting] hash cache [YnVpbGQ] stored for 62 files
[debug] [2023-08-27T19:49:45.687Z] [hosting][hash queue][FINAL] {"max":71,"min":22,"avg":36.354838709677416,"active":0,"complete":62,"success":62,"errored":0,"retried":0,"total":62,"elapsed":79}
[debug] [2023-08-27T19:49:45.815Z] <<< HTTP RESPONSE 200 {"date":"Sun, 27 Aug 2023 19:49:44 GMT","pragma":"no-cache","cache-control":"no-cache, no-store, max-age=0, must-revalidate","expires":"Mon, 01 Jan 1990 00:00:00 GMT","content-type":"application/json; charset=utf-8","vary":"X-Origin, Referer, Origin,Accept-Encoding","server":"scaffolding on HTTPServer2","x-xss-protection":"0","x-frame-options":"SAMEORIGIN","x-content-type-options":"nosniff","alt-svc":"h3=\":443\"; ma=2592000,h3-29=\":443\"; ma=2592000","accept-ranges":"none","transfer-encoding":"chunked"}
[debug] [2023-08-27T19:49:45.833Z] >>> [apiv2][query] POST https://firebasehosting.googleapis.com/v1beta1/sites/covdp-interactives/versions/d48e905c3742fd73:populateFiles [none]
[debug] [2023-08-27T19:49:45.833Z] >>> [apiv2][body] POST https://firebasehosting.googleapis.com/v1beta1/sites/covdp-interactives/versions/d48e905c3742fd73:populateFiles {"files":{"/16.b7e0f61a4c6396a51d3f.chunk.js":"8c0655c9c38283695256e0a2cd732635a642575e7f5e4970218f9d9402cb6f42","/17.c713b9e4367422070928.chunk.js":"8af918c443f1810823416e9bf9f54f35dea8ebd3b98495088652ef5568a149c7","/18.ca25f48b1fe8d9adfb65.chunk.js":"db13232d90824f510bc6302810ad0d37674e60fe8be9854f306a9535fb58f3f7","/19.7de683fa3efbaee92547.chunk.js":"ee39018338d6537aa71fda40c565ee51740761ddd7e70f2c7c0162aeed580d05","/20.13f7783f642aaa0ed817.chunk.js":"ab7a1cafd58239cd17da04192ec20087744ab24eb9896a6264d5ded55e1e8807","/icon_120x120.2f7752bee9dcd06e998fd44640e47485.png":"caea00dca88ba6340c436d3f96274b17a8b937f8121bfef41c8750f193e3d9b7","/icon_128x128.e76c240129e3d6ee2eb7df8f1e9c7b0f.png":"6b062f30f92d1a2e76fbf3b8aef998ba90159e906dd5fc860e76a6be01e20ae9","/icon_144x144.f2f644149d1ca21bccb120d44e79c824.png":"387c33eaaa1185a5de685663efd01c0af2ef059c7087768a7887f78ef3c31c06","/icon_152x152.80d43cecdc663299328632b85127117b.png":"641ab84b12993b006225ea408e46dcc19f37f21120046d0192a9dbd8085823fd","/icon_167x167.9085aba6ea24073fba72a94b7ac731a1.png":"b98ffc182b1986d47ccd15ae5acbe24f513bd67cc86ab48c8147129f1cbef3f8","/icon_72x72.0880a778e8031d3cb721b64c1c1059a7.png":"9a323f580f6c50969ad10c8957a5287c4caf2a31e5770726df0e44a9145cc392","/icon_96x96.e26d703c83c9b5844bb4f58c397f4bf2.png":"e1dd98f8becbcfb23c446d0d69e589d836941585180ab92fa171f816d1bc62ac","/index.html":"3801f6419bcf6f5b37772209ee3b527c085ec80d220219e73f7b092326c6e326","/manifest.47e77a2731a1bb975ed19ced8741b946.json":"5cb0ef394ac0fd11c9d556dd7d6b31cba48b6d8bce9085fa7ee7c4ae289b189f","/npm.connected-react-router.4c4f072dc44cd33b1292.chunk.js":"028227c339c42f65615a243c33181fca986065e7b603e1c138be25b6f79b4060","/npm.d3-dsv.1f8e9eb2488c1e0686b1.chunk.js":"b983f03736634e75c95bc366adf2cef371822f4dd1e6ea35bc59f444ca2b3e00","/npm.grommet-icons.0abaf1177dfbf75e0e97.chunk.js":"bcb08c5f154101a1a2101ab9bfe97592886838f5ad1b3ff0850cb3182be201ea","/npm.grommet-icons.0abaf1177dfbf75e0e97.chunk.js.gz":"58812ebd9d4e51cd66014a7f02e31e1427c74dd87017af9892862bfdde26a494","/npm.grommet-styles.3448e79905b6763bf3b8.chunk.js":"0e8b6a04e94268f605bd0597b6b4e581a635efb37a04b529782990c146736a37","/icon_180x180.33285f999db78beed5640085c051e7b1.png":"d9cdf0dfec2a9417f1da4992f6c8863b8cd5ac802d2dea8f92fe3831eada1fa8","/icon_192x192.9aeb7f7081bf5316fa2c57b439bffdbe.png":"e56bded2877d15bb744543fba97881e244a006581a0b38e7dd3dfdb65cd312f2","/npm.grommet.eaa59cec9cef4e85c918.chunk.js.gz":"7d2d6b1fba651482cf8278a424bfc629e2d2258c18c06616d6bc0667d341ac45","/npm.intl.c5cd2291db52939a7222.chunk.js.gz":"ec39088dd3b1e116fb4e79ab3dfc218369fc54b80120aa289b4ab4171be82a63","/2ed7eb95391802f7d76d9b1293c521ed.otf":"294fb76713109cd2f0162af0582ba23df89f2d2f67faec3f5d97c6db4d055ab4","/9725007799b69543467699cd12b34c27.woff":"b33a19c7230527a8b3440e70f55a500db63d4d7e009f7a994a2c537fe27ebbba","/d9892a3709f596e6e9798939f8cf2542.woff":"317a8a91be9be7d3753a8cd0c2df4f30ac9f9f2d2055fb5d21cbb08db1ece9c8","/f4eca5c66054d61403d2674797a590f0.otf":"30fc062e8811d87e897f98e2051c9021141dc01d2bb889814665a21d3e9ad9a5","/icon_384x384.f2d8221e40ea55159668a02741826386.png":"e095a306edb81f627c4482418903e8dbf6ca4c9973f7ebb115473d45f4c3d869","/icon_512x512.dc20f8a86234c4a7a0b08d5cffff9d4d.png":"41b6549fe16fafa0efd4d0506111e2373ea9bda078e2962ff6e2c01461db3c21","/npm.babel.e58d19f05b3a76705dbb.chunk.js.gz":"0fe71606564ec65451ead60ed91f65e07033111a4449ac834240adc5cb2d9241","/npm.grommet.eaa59cec9cef4e85c918.chunk.js":"ea594d73ecf4154667fc36097620317f325f321add6af70dec38f46bd56e13a1","/npm.intl.c5cd2291db52939a7222.chunk.js":"b315b65403547f1b1c5888aec5afa55d6f6d68ccaed914644212a2b95526a0ed","/6ed315f02b9d6ff12d694eb203ac74bf.woff":"8967c08c91eac993fdfb420d090ab3dae3ba6c66577d1c841f7141415f6418b2","/963e603593801dc8c087b4dfff02a53b.woff":"4e16ba922bda06f904d9f2a3211e12f27d989339649d305168f855407cea44c8","/b74feb42b92e436c111553d68bafd4ff.woff":"f1cb1b43294a7d8b66cbe1c2ba90e9a1a8ef84835effbb064e34c2fb9a595683","/npm.babel.e58d19f05b3a76705dbb.chunk.js":"cac66b4733d2b9961358dff6cfa2efff09848b4e624c7b506605e1d9cdfdbbc0","/npm.react-app-polyfill.d83cf03d7d0271d66d4d.chunk.js.gz":"c55485fe727a327337911a7d8482e12652772d97bd094902c256a58eb198b119","/npm.react-app-polyfill.d83cf03d7d0271d66d4d.chunk.js":"8712906191acc50c53f6038a4f07e6f76133f48b6c4aefdc56af46d493b9b511","/npm.react-redux.bad1326682d1a2bd1212.chunk.js":"bebe4533445b5cd7b919eb4c53e30d8a521d63a61e775fe47ba089380a79d7c6","/npm.react-redux.bad1326682d1a2bd1212.chunk.js.gz":"48fc36e831595a2db21ffe1f8098c3d8f5e497ed6e7623da0639aba6562f73fd","/213d15b152e9daca7a5acdc898564fbd.otf":"0060f5a8a4ed66ed2b30928288a3ef0de0cacf9f5b22af944ab030f7437f3f76","/npm.redux-saga.cc519209607578fce450.chunk.js.gz":"a77cea46241d19aba8b24a3a63ab06a119a09813b99af171f040e5a6b8c04084","/npm.webpack.b7e1ba51e7f6ecb13483.chunk.js":"381879c4fac13c15f0942e26305c195655d55a99b8908128c090e6367cc98bd7","/runtime.eb8dd21fbab99da7b83a.js":"4c95a019c0db9daa8ffd2d237d35e457a6c804d87667d15e11342afc73b026d4","/sw.js.gz":"5875f04ab6189839ac797303d063d9e7f274bea5ea1a1eec50909c8be30d32e6","/npm.redux-saga.cc519209607578fce450.chunk.js":"4b52ee2a017e5bc17fe3fed867d978b8bfabd564c2d76b98c653a7b4cb5cd51e","/e957253b9f9ef7ba5ef6d0eee82e5660.otf":"7f9caa9c3316619d251b5fb039383e527fb6896dd52a7e5cd6f03662ed047e2b","/npm.lodash.40d0e29837ed6d45f7a7.chunk.js.gz":"8757bb16a6aba904285891d720a78712a661ca37b58c05ec7c7488f61c52bab8","/a56e8804c07784c7fafe785ee732d0e1.otf":"90d9867aa283e4e6eb0c852f05725982b31e62d394434291b16b97bb15ee7876","/b0865ac7dce67e2202120fe22519adc3.woff":"5366ff0a2925f2e1285d86e3c1157b697eaf93344a32600af5a1e3ed827a50ac","/sw.js":"baf20b7ba66da51420bdc0977c40a01a07041f6d36df5cfee4b101d8ff6c12c8","/bec0037e0defd91cf128bfa0abc1a5f7.otf":"1302a56c79d99dfe7191b08f739cdb69aebcec6db3fc5281f2489df69a0216f2","/5d03f7486b900e4b1f05fdd13349e9a1.ttf":"33933c4ab183a1764e2a4ff998a50815bf5a39ea4986c7abf17007a673c97ed4","/549c42437d8b3c8b9b1517ce3e7ce9bc.ttf":"64d290d9a1e1ed565e082f8121d7e8e11fb6d608b0470cb947643d5afd485bab","/14.c45b62d893e543770bea.chunk.js.gz":"39925ade229132dc2d51ebbe5415630f11149e617af4ef96b60d1de1fb957f77","/15.3f10a86897fbe072716d.chunk.js.gz":"dbed6a5d38a91f8bb8a939a8b842339266f62018e8d8160b82d71a696ed4084e","/main.b6f332e6b213af8db5e7.chunk.js.gz":"2910a4b403473c28c4384ef1c94ab45053965e5cad1c645077991ea24eee05a2","/npm.lodash.40d0e29837ed6d45f7a7.chunk.js":"d7ae2780c0657c2834d858c8803d17b24c5db8a4c9ab8cad3f66c431bf0521fc","/main.b6f332e6b213af8db5e7.chunk.js":"3f46b2b2da8fcb0ffb026118fc9a2d7e64927eca972b047cdd2784be87e5f670","/15.3f10a86897fbe072716d.chunk.js":"8fd9d837162b082a6965c8f77519b1676a8b1a1441662d8d712cdd61b4d3f818","/14.c45b62d893e543770bea.chunk.js":"1e073bc9e3041b8373cfde145da44c2b3d87a9cdda8135bd57b47a785088400c","/favicon.ico":"9a8007895e5007a67c58982447dbc789ee9098c1d4915c4389a13d6302eb1a23"}}
[debug] [2023-08-27T19:49:46.711Z] <<< [apiv2][status] POST https://firebasehosting.googleapis.com/v1beta1/sites/covdp-interactives/versions/d48e905c3742fd73:populateFiles 200
[debug] [2023-08-27T19:49:46.711Z] <<< [apiv2][body] POST https://firebasehosting.googleapis.com/v1beta1/sites/covdp-interactives/versions/d48e905c3742fd73:populateFiles {"uploadRequiredHashes":["3801f6419bcf6f5b37772209ee3b527c085ec80d220219e73f7b092326c6e326","39925ade229132dc2d51ebbe5415630f11149e617af4ef96b60d1de1fb957f77","4c95a019c0db9daa8ffd2d237d35e457a6c804d87667d15e11342afc73b026d4","2910a4b403473c28c4384ef1c94ab45053965e5cad1c645077991ea24eee05a2","baf20b7ba66da51420bdc0977c40a01a07041f6d36df5cfee4b101d8ff6c12c8","5875f04ab6189839ac797303d063d9e7f274bea5ea1a1eec50909c8be30d32e6","1e073bc9e3041b8373cfde145da44c2b3d87a9cdda8135bd57b47a785088400c","3f46b2b2da8fcb0ffb026118fc9a2d7e64927eca972b047cdd2784be87e5f670"],"uploadUrl":"https://upload-firebasehosting.googleapis.com/upload/sites/covdp-interactives/versions/d48e905c3742fd73/files"}
[debug] [2023-08-27T19:49:46.713Z] >>> [apiv2][query] POST https://upload-firebasehosting.googleapis.com/upload/sites/covdp-interactives/versions/d48e905c3742fd73/files/3801f6419bcf6f5b37772209ee3b527c085ec80d220219e73f7b092326c6e326 [none]
[debug] [2023-08-27T19:49:46.713Z] >>> [apiv2][body] POST https://upload-firebasehosting.googleapis.com/upload/sites/covdp-interactives/versions/d48e905c3742fd73/files/3801f6419bcf6f5b37772209ee3b527c085ec80d220219e73f7b092326c6e326 [stream]
[debug] [2023-08-27T19:49:46.714Z] >>> [apiv2][query] POST https://upload-firebasehosting.googleapis.com/upload/sites/covdp-interactives/versions/d48e905c3742fd73/files/39925ade229132dc2d51ebbe5415630f11149e617af4ef96b60d1de1fb957f77 [none]
[debug] [2023-08-27T19:49:46.714Z] >>> [apiv2][body] POST https://upload-firebasehosting.googleapis.com/upload/sites/covdp-interactives/versions/d48e905c3742fd73/files/39925ade229132dc2d51ebbe5415630f11149e617af4ef96b60d1de1fb957f77 [stream]
[debug] [2023-08-27T19:49:46.714Z] >>> [apiv2][query] POST https://upload-firebasehosting.googleapis.com/upload/sites/covdp-interactives/versions/d48e905c3742fd73/files/4c95a019c0db9daa8ffd2d237d35e457a6c804d87667d15e11342afc73b026d4 [none]
[debug] [2023-08-27T19:49:46.715Z] >>> [apiv2][body] POST https://upload-firebasehosting.googleapis.com/upload/sites/covdp-interactives/versions/d48e905c3742fd73/files/4c95a019c0db9daa8ffd2d237d35e457a6c804d87667d15e11342afc73b026d4 [stream]
[debug] [2023-08-27T19:49:46.716Z] >>> [apiv2][query] POST https://upload-firebasehosting.googleapis.com/upload/sites/covdp-interactives/versions/d48e905c3742fd73/files/2910a4b403473c28c4384ef1c94ab45053965e5cad1c645077991ea24eee05a2 [none]
[debug] [2023-08-27T19:49:46.716Z] >>> [apiv2][body] POST https://upload-firebasehosting.googleapis.com/upload/sites/covdp-interactives/versions/d48e905c3742fd73/files/2910a4b403473c28c4384ef1c94ab45053965e5cad1c645077991ea24eee05a2 [stream]
[debug] [2023-08-27T19:49:46.716Z] >>> [apiv2][query] POST https://upload-firebasehosting.googleapis.com/upload/sites/covdp-interactives/versions/d48e905c3742fd73/files/baf20b7ba66da51420bdc0977c40a01a07041f6d36df5cfee4b101d8ff6c12c8 [none]
[debug] [2023-08-27T19:49:46.716Z] >>> [apiv2][body] POST https://upload-firebasehosting.googleapis.com/upload/sites/covdp-interactives/versions/d48e905c3742fd73/files/baf20b7ba66da51420bdc0977c40a01a07041f6d36df5cfee4b101d8ff6c12c8 [stream]
[debug] [2023-08-27T19:49:46.717Z] >>> [apiv2][query] POST https://upload-firebasehosting.googleapis.com/upload/sites/covdp-interactives/versions/d48e905c3742fd73/files/5875f04ab6189839ac797303d063d9e7f274bea5ea1a1eec50909c8be30d32e6 [none]
[debug] [2023-08-27T19:49:46.717Z] >>> [apiv2][body] POST https://upload-firebasehosting.googleapis.com/upload/sites/covdp-interactives/versions/d48e905c3742fd73/files/5875f04ab6189839ac797303d063d9e7f274bea5ea1a1eec50909c8be30d32e6 [stream]
[debug] [2023-08-27T19:49:46.717Z] >>> [apiv2][query] POST https://upload-firebasehosting.googleapis.com/upload/sites/covdp-interactives/versions/d48e905c3742fd73/files/1e073bc9e3041b8373cfde145da44c2b3d87a9cdda8135bd57b47a785088400c [none]
[debug] [2023-08-27T19:49:46.717Z] >>> [apiv2][body] POST https://upload-firebasehosting.googleapis.com/upload/sites/covdp-interactives/versions/d48e905c3742fd73/files/1e073bc9e3041b8373cfde145da44c2b3d87a9cdda8135bd57b47a785088400c [stream]
[debug] [2023-08-27T19:49:46.718Z] >>> [apiv2][query] POST https://upload-firebasehosting.googleapis.com/upload/sites/covdp-interactives/versions/d48e905c3742fd73/files/3f46b2b2da8fcb0ffb026118fc9a2d7e64927eca972b047cdd2784be87e5f670 [none]
[debug] [2023-08-27T19:49:46.718Z] >>> [apiv2][body] POST https://upload-firebasehosting.googleapis.com/upload/sites/covdp-interactives/versions/d48e905c3742fd73/files/3f46b2b2da8fcb0ffb026118fc9a2d7e64927eca972b047cdd2784be87e5f670 [stream]
[debug] [2023-08-27T19:49:46.718Z] [hosting][populate queue][FINAL] {"max":1030,"min":1030,"avg":1030,"active":0,"complete":1,"success":1,"errored":0,"retried":0,"total":1,"elapsed":1035}
[debug] [2023-08-27T19:49:46.718Z] [hosting] uploads queued: 8
